
SES The 'dateTaming' option is deprecated and does nothing. In the future specifying it will be an error. lockdown-install.js:1:194912
ğŸ”„ Loading /static/js/modules/core/module-bridge.js (attempt 1/3) index.js:273:19
Module Bridge v2.1.0 initializing... module-bridge.js:15:9
Module Bridge v2.1.0 initialized successfully module-bridge.js:325:9
âœ… Successfully loaded /static/js/modules/core/module-bridge.js on attempt 1 index.js:287:19
ğŸ“¦ Module /static/js/modules/core/module-bridge.js: âœ… (150ms) index.js:52:15
ğŸ“¦ Registered module: module-bridge index.js:326:19
ğŸ”„ Loading ./modules/core/errorHandler.js (attempt 1/3) index.js:273:19
âœ… Successfully loaded ./modules/core/errorHandler.js on attempt 1 index.js:287:19
ğŸ“¦ Module ./modules/core/errorHandler.js: âœ… (101ms) index.js:52:15
ğŸ“¦ Registered module: errorHandler index.js:326:19
ğŸ”„ Loading ./modules/core/domUtils.js (attempt 1/3) index.js:273:19
âœ… Successfully loaded ./modules/core/domUtils.js on attempt 1 index.js:287:19
ğŸ“¦ Module ./modules/core/domUtils.js: âœ… (157ms) index.js:52:15
ğŸ“¦ Registered module: domUtils index.js:326:19
ğŸ”„ Loading ./modules/core/uiRegistry.js (attempt 1/3) index.js:273:19
Setting up error handler for uiRegistry uiRegistry.js:20:11
âœ… Successfully loaded ./modules/core/uiRegistry.js on attempt 1 index.js:287:19
ğŸ“¦ Module ./modules/core/uiRegistry.js: âœ… (93ms) index.js:52:15
ğŸ“¦ Registered module: uiRegistry index.js:326:19
ğŸ”„ Loading ./modules/core/stateManager.js (attempt 1/3) index.js:273:19
âœ… Successfully loaded ./modules/core/stateManager.js on attempt 1 index.js:287:19
ğŸ“¦ Module ./modules/core/stateManager.js: âœ… (118ms) index.js:52:15
ğŸ“¦ Registered module: stateManager index.js:326:19
ğŸ”„ Loading ./modules/core/eventRegistry.js (attempt 1/3) index.js:273:19
âœ… Successfully loaded ./modules/core/eventRegistry.js on attempt 1 index.js:287:19
ğŸ“¦ Module ./modules/core/eventRegistry.js: âœ… (42ms) index.js:52:15
ğŸ“¦ Registered module: eventRegistry index.js:326:19
ğŸ”„ Loading ./modules/core/eventManager.js (attempt 1/3) index.js:273:19
Event Registry initialized eventRegistry.js:143:13
âœ… Successfully loaded ./modules/core/eventManager.js on attempt 1 index.js:287:19
ğŸ“¦ Module ./modules/core/eventManager.js: âœ… (91ms) index.js:52:15
ğŸ“¦ Registered module: eventManager index.js:326:19
ğŸ”„ Loading ./modules/core/themeManager.js (attempt 1/3) index.js:273:19
âœ… Successfully loaded ./modules/core/themeManager.js on attempt 1 index.js:287:19
ğŸ“¦ Module ./modules/core/themeManager.js: âœ… (96ms) index.js:52:15
ğŸ“¦ Registered module: themeManager index.js:326:19
âœ… Core modules loaded: 
Array(8) [ "module-bridge", "errorHandler", "domUtils", "uiRegistry", "stateManager", "eventRegistry", "eventManager", "themeManager" ]
index.js:590:15
âœ… Phase completed: core-modules in 849ms index.js:44:17
ğŸ”„ Phase started: utility-modules (1098ms) index.js:40:15
ğŸ”§ Loading utility modules... index.js:602:13
Utility module paths: 
Array(5) [ "./modules/utils/socketHandler.js", "./modules/utils/progressHandler.js", "./modules/utils/ui.js", "./modules/utils/utils.js", "./modules/utils/fileHandler.js" ]
index.js:603:13
ğŸ”„ Loading /static/js/modules/utils/socketHandler.js (attempt 1/3) index.js:273:19
Found themeManager, adding persistence overrides fixThemePersistence.js:143:17
Loaded theme from localStorage: dark fixThemePersistence.js:190:23
Applied theme: dark themeManager.js:510:15
âœ… Successfully loaded /static/js/modules/utils/socketHandler.js on attempt 1 index.js:287:19
ğŸ“¦ Module /static/js/modules/utils/socketHandler.js: âœ… (213ms) index.js:52:15
ğŸ“¦ Registered module: socketHandler index.js:326:19
ğŸ”„ Loading /static/js/modules/utils/progressHandler.js (attempt 1/3) index.js:273:19
âœ… Successfully loaded /static/js/modules/utils/progressHandler.js on attempt 1 index.js:287:19
ğŸ“¦ Module /static/js/modules/utils/progressHandler.js: âœ… (49ms) index.js:52:15
ğŸ“¦ Registered module: progressHandler index.js:326:19
ğŸ”„ Loading ./modules/utils/ui.js (attempt 1/3) index.js:273:19
[Bridge] Updated ui bridge (update #1) module-bridge.js:228:13
UI module initialized and bridge updated ui.js:1648:9
âœ… Successfully loaded ./modules/utils/ui.js on attempt 1 index.js:287:19
ğŸ“¦ Module ./modules/utils/ui.js: âœ… (203ms) index.js:52:15
ğŸ“¦ Registered module: ui index.js:326:19
ğŸ”„ Loading ./modules/utils/utils.js (attempt 1/3) index.js:273:19

â•”â•â•â•â•â•â•â•â•â•â•â•â•â•â•â•â•â•â•â•â•â•â•â•â•â•â•â•â•â•â•â•â•â•â•â•â•â•â•â•â•â•â•â•â•â•â•â•â•â•â•â•â•â•â•â•â•â•â•â•â•â•â•â•â•—
â•‘                    ğŸ§  NeuroGen Server v3.0.0                  â•‘
â•‘                Enhanced Frontend Module System               â•‘
â• â•â•â•â•â•â•â•â•â•â•â•â•â•â•â•â•â•â•â•â•â•â•â•â•â•â•â•â•â•â•â•â•â•â•â•â•â•â•â•â•â•â•â•â•â•â•â•â•â•â•â•â•â•â•â•â•â•â•â•â•â•â•â•â•£
â•‘ ğŸ”§ Debug Mode: ENABLED                                       â•‘
â•‘ ğŸ“Š Performance Tracking: ACTIVE                              â•‘
â•‘ ğŸ› ï¸ Diagnostics: window.NeuroGenDebug                         â•‘
â•‘ ğŸ¯ API: window.NeuroGenServer                                â•‘
â•šâ•â•â•â•â•â•â•â•â•â•â•â•â•â•â•â•â•â•â•â•â•â•â•â•â•â•â•â•â•â•â•â•â•â•â•â•â•â•â•â•â•â•â•â•â•â•â•â•â•â•â•â•â•â•â•â•â•â•â•â•â•â•â•â•
    index.js:1924:13
ğŸ“¦ Module Status: 11/12 loaded successfully index.js:1937:13
ğŸ” Run window.NeuroGenDebug.showModal() for detailed diagnostics index.js:1943:13
âœ… Successfully loaded ./modules/utils/utils.js on attempt 1 index.js:287:19
ğŸ“¦ Module ./modules/utils/utils.js: âœ… (627ms) index.js:52:15
ğŸ“¦ Registered module: utils index.js:326:19
ğŸ”„ Loading ./modules/utils/fileHandler.js (attempt 1/3) index.js:273:19
âœ… Successfully loaded ./modules/utils/fileHandler.js on attempt 1 index.js:287:19
ğŸ“¦ Module ./modules/utils/fileHandler.js: âœ… (174ms) index.js:52:15
ğŸ“¦ Registered module: fileHandler index.js:326:19
âœ… Utility modules loaded: 
Array(5) [ "socketHandler", "progressHandler", "ui", "utils", "fileHandler" ]
index.js:616:15
âœ… Phase completed: utility-modules in 1269ms index.js:44:17
ğŸ”„ Phase started: feature-modules (2367ms) index.js:40:15
ğŸ¯ Loading feature modules... index.js:627:13
Feature module paths: 
Array(5) [ "./modules/core/app.js", "./modules/features/fileProcessor.js", "./modules/features/playlistDownloader.js", "./modules/features/webScraper.js", "./modules/features/academicSearch.js" ]
index.js:628:13
ğŸ”„ Loading /static/js/modules/core/app.js (attempt 1/2) index.js:273:19
âœ… Successfully loaded /static/js/modules/core/app.js on attempt 1 index.js:287:19
ğŸ“¦ Module /static/js/modules/core/app.js: âœ… (134ms) index.js:52:15
ğŸ“¦ Registered module: app index.js:326:19
ğŸ”„ Loading /static/js/modules/features/fileProcessor.js (attempt 1/2) index.js:273:19
âŒ Attempt 1 failed for /static/js/modules/features/fileProcessor.js: duplicate export name 'buildEndpoint' index.js:294:19
ğŸ”„ Loading /static/js/modules/features/fileProcessor.js (attempt 2/2) index.js:273:19
âŒ Attempt 2 failed for /static/js/modules/features/fileProcessor.js: duplicate export name 'buildEndpoint' index.js:294:19
âŒ Error in loadModule(/static/js/modules/features/fileProcessor.js): SyntaxError: duplicate export name 'buildEndpoint' index.js:58:13
ğŸ“¦ Module /static/js/modules/features/fileProcessor.js: âŒ (1379ms) index.js:52:15
ğŸ”„ Loading /static/js/modules/features/playlistDownloader.js (attempt 1/2) index.js:273:19
âŒ Attempt 1 failed for /static/js/modules/features/playlistDownloader.js: duplicate export name 'buildEndpoint' index.js:294:19
ğŸ”„ Loading /static/js/modules/features/playlistDownloader.js (attempt 2/2) index.js:273:19
âŒ Attempt 2 failed for /static/js/modules/features/playlistDownloader.js: duplicate export name 'buildEndpoint' index.js:294:19
âŒ Error in loadModule(/static/js/modules/features/playlistDownloader.js): SyntaxError: duplicate export name 'buildEndpoint' index.js:58:13
ğŸ“¦ Module /static/js/modules/features/playlistDownloader.js: âŒ (1141ms) index.js:52:15
ğŸ”„ Loading /static/js/modules/features/webScraper.js (attempt 1/2) index.js:273:19
ğŸŒ Initializing Web Scraper... webScraper.js:185:15
ğŸŒ Web Scraper module loaded (Blueprint Architecture v3.0) webScraper.js:2024:9
âœ… Successfully loaded /static/js/modules/features/webScraper.js on attempt 1 index.js:287:19
ğŸ“¦ Module /static/js/modules/features/webScraper.js: âœ… (1201ms) index.js:52:15
ğŸ“¦ Registered module: webScraper index.js:326:19
ğŸ”„ Loading /static/js/modules/features/academicSearch.js (attempt 1/2) index.js:273:19
Failed to import modules: SyntaxError: duplicate export name 'buildEndpoint' webScraper.js:92:15
Failed to import modules: SyntaxError: duplicate export name 'buildEndpoint' webScraper.js:92:15
BlueprintAPI not available, some features may be limited webScraper.js:192:17
Socket.IO not available, real-time updates will be limited webScraper.js:348:15
âœ… Web Scraper initialized successfully webScraper.js:206:15
Initializing Academic Search module academicSearch.js:89:17
Academic search event listeners set up academicSearch.js:198:21
âœ… Successfully loaded /static/js/modules/features/academicSearch.js on attempt 1 index.js:287:19
ğŸ“¦ Module /static/js/modules/features/academicSearch.js: âœ… (1049ms) index.js:52:15
ğŸ“¦ Registered module: academicSearch index.js:326:19
âœ… Feature modules loaded: 
Array(3) [ "app", "webScraper", "academicSearch" ]
index.js:641:15
âœ… Phase completed: feature-modules in 4909ms index.js:44:17
ğŸ”„ Phase started: optional-modules (7279ms) index.js:40:15
ğŸ”§ Loading optional modules... index.js:652:13
Optional module paths: 
Array(6) [ "./modules/features/historyManager.js", "./modules/features/keyboardShortcuts.js", "./modules/features/dragDropHandler.js", "./modules/utils/systemHealth.js", "./modules/utils/debugTools.js", "./modules/utils/moduleDiagnostics.js" ]
index.js:653:13
ğŸ”„ Loading ./modules/features/historyManager.js (attempt 1/1) index.js:273:19
âœ… Successfully loaded ./modules/features/historyManager.js on attempt 1 index.js:287:19
ğŸ“¦ Module ./modules/features/historyManager.js: âœ… (994ms) index.js:52:15
ğŸ“¦ Registered module: historyManager index.js:326:19
ğŸ”„ Loading ./modules/features/keyboardShortcuts.js (attempt 1/1) index.js:273:19
Keyboard shortcuts initialized keyboardShortcuts.js:29:13
âœ… Successfully loaded ./modules/features/keyboardShortcuts.js on attempt 1 index.js:287:19
ğŸ“¦ Module ./modules/features/keyboardShortcuts.js: âœ… (60ms) index.js:52:15
ğŸ“¦ Registered module: keyboardShortcuts index.js:326:19
ğŸ”„ Loading ./modules/features/dragDropHandler.js (attempt 1/1) index.js:273:19
Drop zone registered: main dragDropHandler.js:106:13
Drag and drop handler initialized dragDropHandler.js:30:13
âœ… Successfully loaded ./modules/features/dragDropHandler.js on attempt 1 index.js:287:19
ğŸ“¦ Module ./modules/features/dragDropHandler.js: âœ… (57ms) index.js:52:15
ğŸ“¦ Registered module: dragDropHandler index.js:326:19
ğŸ”„ Loading ./modules/utils/systemHealth.js (attempt 1/1) index.js:273:19
GET
http://localhost:5025/static/js/modules/utils/systemHealth.js
[HTTP/1.1 404 NOT FOUND 11ms]

Loading failed for the module with source â€œhttp://localhost:5025/static/js/modules/utils/systemHealth.jsâ€. localhost:5025
âŒ Attempt 1 failed for ./modules/utils/systemHealth.js: error loading dynamically imported module: http://localhost:5025/static/js/modules/utils/systemHealth.js index.js:294:19
âŒ Error in loadModule(./modules/utils/systemHealth.js): TypeError: error loading dynamically imported module: http://localhost:5025/static/js/modules/utils/systemHealth.js index.js:58:13
ğŸ“¦ Module ./modules/utils/systemHealth.js: âŒ (36ms) index.js:52:15
ğŸ”„ Loading ./modules/utils/debugTools.js (attempt 1/1) index.js:273:19
GET
http://localhost:5025/static/js/modules/utils/debugTools.js
[HTTP/1.1 404 NOT FOUND 38ms]

Loading failed for the module with source â€œhttp://localhost:5025/static/js/modules/utils/debugTools.jsâ€. localhost:5025
âŒ Attempt 1 failed for ./modules/utils/debugTools.js: error loading dynamically imported module: http://localhost:5025/static/js/modules/utils/debugTools.js index.js:294:19
âŒ Error in loadModule(./modules/utils/debugTools.js): TypeError: error loading dynamically imported module: http://localhost:5025/static/js/modules/utils/debugTools.js index.js:58:13
ğŸ“¦ Module ./modules/utils/debugTools.js: âŒ (525ms) index.js:52:15
ğŸ”„ Loading ./modules/utils/moduleDiagnostics.js (attempt 1/1) index.js:273:19
âŒ Attempt 2 failed for /static/js/modules/features/playlistDownloader.js: duplicate export name 'buildEndpoint' index.js:294:19

â€‹

