
SES The 'dateTaming' option is deprecated and does nothing. In the future specifying it will be an error. lockdown-install.js:1:194912
âœ… Successfully loaded ./modules/core/themeManager.js on attempt 1 index.js:287:19
ğŸ“¦ Module ./modules/core/themeManager.js: âœ… (29ms) index.js:52:15
ğŸ“¦ Registered module: themeManager index.js:326:19
âœ… Core modules loaded: 
Array(8) [ "module-bridge", "errorHandler", "domUtils", "uiRegistry", "stateManager", "eventRegistry", "eventManager", "themeManager" ]
index.js:590:15
âœ… Phase completed: core-modules in 431ms index.js:44:17
ğŸ”„ Phase started: utility-modules (590ms) index.js:40:15
ğŸ”§ Loading utility modules... index.js:602:13
Utility module paths: 
Array(5) [ "./modules/utils/socketHandler.js", "./modules/utils/progressHandler.js", "./modules/utils/ui.js", "./modules/utils/utils.js", "./modules/utils/fileHandler.js" ]
index.js:603:13
ğŸ”„ Loading /static/js/modules/utils/socketHandler.js (attempt 1/3) index.js:273:19
Found themeManager, adding persistence overrides fixThemePersistence.js:143:17
Loaded theme from localStorage: dark fixThemePersistence.js:190:23
Applied theme: dark themeManager.js:510:15
âœ… Successfully loaded /static/js/modules/utils/socketHandler.js on attempt 1 index.js:287:19
ğŸ“¦ Module /static/js/modules/utils/socketHandler.js: âœ… (84ms) index.js:52:15
ğŸ“¦ Registered module: socketHandler index.js:326:19
ğŸ”„ Loading /static/js/modules/utils/progressHandler.js (attempt 1/3) index.js:273:19
âœ… Successfully loaded /static/js/modules/utils/progressHandler.js on attempt 1 index.js:287:19
ğŸ“¦ Module /static/js/modules/utils/progressHandler.js: âœ… (44ms) index.js:52:15
ğŸ“¦ Registered module: progressHandler index.js:326:19
ğŸ”„ Loading ./modules/utils/ui.js (attempt 1/3) index.js:273:19
[Bridge] Updated ui bridge (update #1) module-bridge.js:228:13
UI module initialized and bridge updated ui.js:1648:9
âœ… Successfully loaded ./modules/utils/ui.js on attempt 1 index.js:287:19
ğŸ“¦ Module ./modules/utils/ui.js: âœ… (40ms) index.js:52:15
ğŸ“¦ Registered module: ui index.js:326:19
ğŸ”„ Loading ./modules/utils/utils.js (attempt 1/3) index.js:273:19
âœ… Successfully loaded ./modules/utils/utils.js on attempt 1 index.js:287:19
ğŸ“¦ Module ./modules/utils/utils.js: âœ… (42ms) index.js:52:15
ğŸ“¦ Registered module: utils index.js:326:19
ğŸ”„ Loading ./modules/utils/fileHandler.js (attempt 1/3) index.js:273:19
âœ… Successfully loaded ./modules/utils/fileHandler.js on attempt 1 index.js:287:19
ğŸ“¦ Module ./modules/utils/fileHandler.js: âœ… (46ms) index.js:52:15
ğŸ“¦ Registered module: fileHandler index.js:326:19
âœ… Utility modules loaded: 
Array(5) [ "socketHandler", "progressHandler", "ui", "utils", "fileHandler" ]
index.js:616:15
âœ… Phase completed: utility-modules in 257ms index.js:44:17
ğŸ”„ Phase started: feature-modules (847ms) index.js:40:15
ğŸ¯ Loading feature modules... index.js:627:13
Feature module paths: 
Array(5) [ "./modules/core/app.js", "./modules/features/fileProcessor.js", "./modules/features/playlistDownloader.js", "./modules/features/webScraper.js", "./modules/features/academicSearch.js" ]
index.js:628:13
ğŸ”„ Loading /static/js/modules/core/app.js (attempt 1/2) index.js:273:19
âœ… Successfully loaded /static/js/modules/core/app.js on attempt 1 index.js:287:19
ğŸ“¦ Module /static/js/modules/core/app.js: âœ… (41ms) index.js:52:15
ğŸ“¦ Registered module: app index.js:326:19
ğŸ”„ Loading /static/js/modules/features/fileProcessor.js (attempt 1/2) index.js:273:19
âŒ Attempt 1 failed for /static/js/modules/features/fileProcessor.js: duplicate export name 'buildUrlWithQuery' index.js:294:19

â•”â•â•â•â•â•â•â•â•â•â•â•â•â•â•â•â•â•â•â•â•â•â•â•â•â•â•â•â•â•â•â•â•â•â•â•â•â•â•â•â•â•â•â•â•â•â•â•â•â•â•â•â•â•â•â•â•â•â•â•â•â•â•â•â•—
â•‘                    ğŸ§  NeuroGen Server v3.0.0                  â•‘
â•‘                Enhanced Frontend Module System               â•‘
â• â•â•â•â•â•â•â•â•â•â•â•â•â•â•â•â•â•â•â•â•â•â•â•â•â•â•â•â•â•â•â•â•â•â•â•â•â•â•â•â•â•â•â•â•â•â•â•â•â•â•â•â•â•â•â•â•â•â•â•â•â•â•â•â•£
â•‘ ğŸ”§ Debug Mode: ENABLED                                       â•‘
â•‘ ğŸ“Š Performance Tracking: ACTIVE                              â•‘
â•‘ ğŸ› ï¸ Diagnostics: window.NeuroGenDebug                         â•‘
â•‘ ğŸ¯ API: window.NeuroGenServer                                â•‘
â•šâ•â•â•â•â•â•â•â•â•â•â•â•â•â•â•â•â•â•â•â•â•â•â•â•â•â•â•â•â•â•â•â•â•â•â•â•â•â•â•â•â•â•â•â•â•â•â•â•â•â•â•â•â•â•â•â•â•â•â•â•â•â•â•â•
    index.js:1924:13
ğŸ“¦ Module Status: 14/15 loaded successfully index.js:1937:13
ğŸ” Run window.NeuroGenDebug.showModal() for detailed diagnostics index.js:1943:13
ğŸ”„ Loading /static/js/modules/features/fileProcessor.js (attempt 2/2) index.js:273:19
âŒ Attempt 2 failed for /static/js/modules/features/fileProcessor.js: duplicate export name 'buildUrlWithQuery' index.js:294:19
âŒ Error in loadModule(/static/js/modules/features/fileProcessor.js): SyntaxError: duplicate export name 'buildUrlWithQuery' index.js:58:13
ğŸ“¦ Module /static/js/modules/features/fileProcessor.js: âŒ (1158ms) index.js:52:15
ğŸ”„ Loading /static/js/modules/features/playlistDownloader.js (attempt 1/2) index.js:273:19
âŒ Attempt 1 failed for /static/js/modules/features/playlistDownloader.js: duplicate export name 'buildUrlWithQuery' index.js:294:19
ğŸ”„ Loading /static/js/modules/features/playlistDownloader.js (attempt 2/2) index.js:273:19
âŒ Attempt 2 failed for /static/js/modules/features/playlistDownloader.js: duplicate export name 'buildUrlWithQuery' index.js:294:19
âŒ Error in loadModule(/static/js/modules/features/playlistDownloader.js): SyntaxError: duplicate export name 'buildUrlWithQuery' index.js:58:13
ğŸ“¦ Module /static/js/modules/features/playlistDownloader.js: âŒ (1038ms) index.js:52:15
ğŸ”„ Loading /static/js/modules/features/webScraper.js (attempt 1/2) index.js:273:19
ğŸŒ Initializing Web Scraper... webScraper.js:185:15
ğŸŒ Web Scraper module loaded (Blueprint Architecture v3.0) webScraper.js:2024:9
âœ… Successfully loaded /static/js/modules/features/webScraper.js on attempt 1 index.js:287:19
ğŸ“¦ Module /static/js/modules/features/webScraper.js: âœ… (35ms) index.js:52:15
ğŸ“¦ Registered module: webScraper index.js:326:19
ğŸ”„ Loading /static/js/modules/features/academicSearch.js (attempt 1/2) index.js:273:19
Failed to import modules: SyntaxError: duplicate export name 'buildUrlWithQuery' webScraper.js:92:15
Failed to import modules: SyntaxError: duplicate export name 'buildUrlWithQuery' webScraper.js:92:15
BlueprintAPI not available, some features may be limited webScraper.js:192:17
Socket.IO not available, real-time updates will be limited webScraper.js:348:15
âœ… Web Scraper initialized successfully webScraper.js:206:15
Initializing Academic Search module academicSearch.js:89:17
Academic search event listeners set up academicSearch.js:198:21
âœ… Successfully loaded /static/js/modules/features/academicSearch.js on attempt 1 index.js:287:19
ğŸ“¦ Module /static/js/modules/features/academicSearch.js: âœ… (30ms) index.js:52:15
ğŸ“¦ Registered module: academicSearch index.js:326:19
âœ… Feature modules loaded: 
Array(3) [ "app", "webScraper", "academicSearch" ]
index.js:641:15
âœ… Phase completed: feature-modules in 2303ms index.js:44:17
ğŸ”„ Phase started: optional-modules (3150ms) index.js:40:15
ğŸ”§ Loading optional modules... index.js:652:13
Optional module paths: 
Array(6) [ "./modules/features/historyManager.js", "./modules/features/keyboardShortcuts.js", "./modules/features/dragDropHandler.js", "./modules/utils/systemHealth.js", "./modules/utils/debugTools.js", "./modules/utils/moduleDiagnostics.js" ]
index.js:653:13
ğŸ”„ Loading ./modules/features/historyManager.js (attempt 1/1) index.js:273:19
âœ… Successfully loaded ./modules/features/historyManager.js on attempt 1 index.js:287:19
ğŸ“¦ Module ./modules/features/historyManager.js: âœ… (34ms) index.js:52:15
ğŸ“¦ Registered module: historyManager index.js:326:19
ğŸ”„ Loading ./modules/features/keyboardShortcuts.js (attempt 1/1) index.js:273:19
Keyboard shortcuts initialized keyboardShortcuts.js:29:13
âœ… Successfully loaded ./modules/features/keyboardShortcuts.js on attempt 1 index.js:287:19
ğŸ“¦ Module ./modules/features/keyboardShortcuts.js: âœ… (26ms) index.js:52:15
ğŸ“¦ Registered module: keyboardShortcuts index.js:326:19
ğŸ”„ Loading ./modules/features/dragDropHandler.js (attempt 1/1) index.js:273:19
Drop zone registered: main dragDropHandler.js:106:13
Drag and drop handler initialized dragDropHandler.js:30:13
âœ… Successfully loaded ./modules/features/dragDropHandler.js on attempt 1 index.js:287:19
ğŸ“¦ Module ./modules/features/dragDropHandler.js: âœ… (22ms) index.js:52:15
ğŸ“¦ Registered module: dragDropHandler index.js:326:19
ğŸ”„ Loading ./modules/utils/systemHealth.js (attempt 1/1) index.js:273:19
Loading failed for the module with source â€œhttp://localhost:5025/static/js/modules/utils/systemHealth.jsâ€. localhost:5025
âŒ Attempt 1 failed for ./modules/utils/systemHealth.js: error loading dynamically imported module: http://localhost:5025/static/js/modules/utils/systemHealth.js index.js:294:19
âŒ Error in loadModule(./modules/utils/systemHealth.js): TypeError: error loading dynamically imported module: http://localhost:5025/static/js/modules/utils/systemHealth.js index.js:58:13
ğŸ“¦ Module ./modules/utils/systemHealth.js: âŒ (12ms) index.js:52:15
ğŸ”„ Loading ./modules/utils/debugTools.js (attempt 1/1) index.js:273:19
Loading failed for the module with source â€œhttp://localhost:5025/static/js/modules/utils/debugTools.jsâ€. localhost:5025
Firefox canâ€™t establish a connection to the server at ws://localhost:5025/socket.io/?EIO=4&transport=websocket&sid=5tWgzeJb0grZrhKVAABK. websocket.js:54:26

â€‹

SES The 'dateTaming' option is deprecated and does nothing. In the future specifying it will be an error. lockdown-install.js:1:194912
ğŸ”„ Phase started: module-initialization (3287ms) index.js:40:15
âš™ï¸ Initializing modules... index.js:677:13
ğŸ“¦ Registering modules with module manager... index.js:752:13
ğŸ“¦ Registering module: module-bridge module-manager.js:17:17
ğŸ“¦ Registering module: errorHandler module-manager.js:17:17
ğŸ“¦ Registering module: domUtils module-manager.js:17:17
ğŸ“¦ Registering module: uiRegistry module-manager.js:17:17
ğŸ“¦ Registering module: stateManager module-manager.js:17:17
ğŸ“¦ Registering module: eventRegistry module-manager.js:17:17
ğŸ“¦ Registering module: eventManager module-manager.js:17:17
ğŸ“¦ Registering module: themeManager module-manager.js:17:17
ğŸ“¦ Registering module: socketHandler module-manager.js:17:17
ğŸ“¦ Registering module: progressHandler module-manager.js:17:17
ğŸ“¦ Registering module: ui module-manager.js:17:17
ğŸ“¦ Registering module: utils module-manager.js:17:17
ğŸ“¦ Registering module: fileHandler module-manager.js:17:17
ğŸ“¦ Registering module: app module-manager.js:17:17
ğŸ“¦ Registering module: webScraper module-manager.js:17:17
ğŸ“¦ Registering module: academicSearch module-manager.js:17:17
ğŸ“¦ Registering module: historyManager module-manager.js:17:17
ğŸ“¦ Registering module: keyboardShortcuts module-manager.js:17:17
ğŸ“¦ Registering module: dragDropHandler module-manager.js:17:17
ğŸ“¦ Registering module: moduleDiagnostics module-manager.js:17:17
ğŸš€ Using module manager for initialization... index.js:787:15
ğŸš€ Initializing all modules... module-manager.js:126:17
ğŸ”§ Initializing module-bridge... module-manager.js:42:21
ğŸ§¹ Cleaning up module-bridge... module-manager.js:69:17
âœ… module-bridge initialized successfully module-manager.js:53:21
ğŸ”§ Initializing errorHandler... module-manager.js:42:21
ğŸ§¹ Cleaning up errorHandler... module-manager.js:69:17
Global error handlers set up errorHandler.js:187:13
Loaded 21 error history items errorHandler.js:380:21
Error handler initialized errorHandler.js:114:13
âœ… errorHandler initialized successfully module-manager.js:53:21
ğŸ”§ Initializing domUtils... module-manager.js:42:21
ğŸ§¹ Cleaning up domUtils... module-manager.js:69:17
âœ… domUtils initialized successfully module-manager.js:53:21
ğŸ”§ Initializing uiRegistry... module-manager.js:42:21
ğŸ§¹ Cleaning up uiRegistry... module-manager.js:69:17
Initializing UI Registry... uiRegistry.js:67:13
UI Registry initialized successfully uiRegistry.js:95:15
âœ… uiRegistry initialized successfully module-manager.js:53:21
ğŸ”§ Initializing stateManager... module-manager.js:42:21
ğŸ§¹ Cleaning up stateManager... module-manager.js:69:17
Loaded persisted state stateManager.js:458:15
State manager initialized stateManager.js:229:15
âœ… stateManager initialized successfully module-manager.js:53:21
ğŸ”§ Initializing eventRegistry... module-manager.js:42:21
ğŸ§¹ Cleaning up eventRegistry... module-manager.js:69:17
Event Registry already initialized eventRegistry.js:98:15
âœ… eventRegistry initialized successfully module-manager.js:53:21
ğŸ”§ Initializing eventManager... module-manager.js:42:21
ğŸ§¹ Cleaning up eventManager... module-manager.js:69:17
Event manager initialized eventManager.js:61:13
âœ… eventManager initialized successfully module-manager.js:53:21
ğŸ”§ Initializing themeManager... module-manager.js:42:21
ğŸ§¹ Cleaning up themeManager... module-manager.js:69:17
Initializing theme manager... themeManager.js:160:15
Loaded theme from localStorage: dark fixThemePersistence.js:190:23
Applied theme: dark themeManager.js:510:15
Theme toggle button initialized themeManager.js:335:17
Theme manager initialized with theme: dark (effective: dark) themeManager.js:195:15
âœ… themeManager initialized successfully module-manager.js:53:21
ğŸ”§ Initializing socketHandler... module-manager.js:42:21
ğŸ§¹ Cleaning up socketHandler... module-manager.js:69:17
Initializing Socket Handler module... socketHandler.js:304:11
Connecting to Socket.IO server... socketHandler.js:398:15
Socket event handlers registered socketHandler.js:753:11
Socket.IO connection initiated socketHandler.js:425:15
Socket Handler module initialized successfully socketHandler.js:361:13
âœ… socketHandler initialized successfully module-manager.js:53:21
ğŸ”§ Initializing progressHandler... module-manager.js:42:21
ğŸ§¹ Cleaning up progressHandler... module-manager.js:69:17
âœ… progressHandler initialized successfully module-manager.js:53:21
ğŸ”§ Initializing ui... module-manager.js:42:21
ğŸ§¹ Cleaning up ui... module-manager.js:69:17
Firefox canâ€™t establish a connection to the server at ws://localhost:5025/socket.io/?EIO=4&transport=websocket&sid=5tWgzeJb0grZrhKVAABK. websocket.js:54:26

â€‹


SES The 'dateTaming' option is deprecated and does nothing. In the future specifying it will be an error. lockdown-install.js:1:194912
ğŸ”— importModule called: /static/js/modules/core/stateManager.js index.js:455:15
ğŸ”„ Loading /static/js/modules/core/stateManager.js (attempt 1/3) index.js:273:19
âœ… Successfully loaded /static/js/modules/core/stateManager.js on attempt 1 index.js:287:19
ğŸ“¦ Module /static/js/modules/core/stateManager.js: âœ… (0ms) index.js:52:15
State manager already initialized stateManager.js:178:15
ğŸ”— importModule called: /static/js/modules/core/eventRegistry.js index.js:455:15
ğŸ”„ Loading /static/js/modules/core/eventRegistry.js (attempt 1/3) index.js:273:19
âœ… Successfully loaded /static/js/modules/core/eventRegistry.js on attempt 1 index.js:287:19
ğŸ“¦ Module /static/js/modules/core/eventRegistry.js: âœ… (0ms) index.js:52:15
Event Registry already initialized eventRegistry.js:98:15
ğŸ”— importModule called: /static/js/modules/core/eventManager.js index.js:455:15
ğŸ”„ Loading /static/js/modules/core/eventManager.js (attempt 1/3) index.js:273:19
âœ… Successfully loaded /static/js/modules/core/eventManager.js on attempt 1 index.js:287:19
ğŸ“¦ Module /static/js/modules/core/eventManager.js: âœ… (0ms) index.js:52:15
Event manager already initialized eventManager.js:41:15
ğŸ”— importModule called: /static/js/modules/core/themeManager.js index.js:455:15
ğŸ”„ Loading /static/js/modules/core/themeManager.js (attempt 1/3) index.js:273:19
âœ… Successfully loaded /static/js/modules/core/themeManager.js on attempt 1 index.js:287:19
ğŸ“¦ Module /static/js/modules/core/themeManager.js: âœ… (0ms) index.js:52:15
Theme manager already initialized themeManager.js:155:15
Core modules loaded successfully app.js:140:15
Loading feature modules... app.js:155:15
ğŸ”— importModule called: /static/js/modules/features/fileProcessor.js index.js:455:15
ğŸ”„ Loading /static/js/modules/features/fileProcessor.js (attempt 1/3) index.js:273:19
âŒ Attempt 1 failed for /static/js/modules/features/fileProcessor.js: duplicate export name 'buildUrlWithQuery' index.js:294:19
ErrorHandler registered with eventRegistry errorHandler.js:204:19
Socket.IO connection error: Error: xhr poll error
    u socket.io.min.js:6
    r socket.io.min.js:6
    p socket.io.min.js:6
    i transport.js:6
    value transport.js:38
    value polling.js:235
    emit index.mjs:136
    value polling.js:333
    onreadystatechange polling.js:307
socketHandler.js:535:13
Socket.IO disconnected: transport error socketHandler.js:467:13
[Bridge] Updated ui bridge (update #2) module-bridge.js:228:13
UI module initialized and bridge updated ui.js:848:9
UI module loaded in errorHandler errorHandler.js:126:17
Registering common UI elements... uiRegistry.js:138:13
UI elements registered successfully uiRegistry.js:181:15
Registering common UI elements... uiRegistry.js:138:13
UI elements registered successfully uiRegistry.js:181:15
ğŸ”„ Loading /static/js/modules/features/fileProcessor.js (attempt 2/3) index.js:273:19
âŒ Attempt 2 failed for /static/js/modules/features/fileProcessor.js: duplicate export name 'buildUrlWithQuery' index.js:294:19
Socket.IO connection error: Error: xhr poll error
    r socket.io.min.js:6
    p socket.io.min.js:6
    i transport.js:6
    value transport.js:38
    value polling.js:235
    emit index.mjs:136
    value polling.js:333
    onreadystatechange polling.js:307
socketHandler.js:535:13
Socket.IO disconnected: transport error socketHandler.js:467:13
Firefox canâ€™t establish a connection to the server at ws://localhost:5025/socket.io/?EIO=4&transport=websocket&sid=ty20uK6C7LXoBHdgAAAk. websocket.js:54:26
The connection to ws://localhost:5025/socket.io/?EIO=4&transport=websocket&sid=ty20uK6C7LXoBHdgAAAk was interrupted while the page was loading. websocket.js:54:26
Firefox canâ€™t establish a connection to the server at ws://localhost:5025/socket.io/?EIO=4&transport=websocket&sid=prkGUnpfl2EUDizNAAAm. websocket.js:54:26
Socket.IO connection error: Error: xhr poll error
    r socket.io.min.js:6
    p socket.io.min.js:6
    i transport.js:6
    value transport.js:38
    value polling.js:235
    emit index.mjs:136
    value polling.js:333
    onreadystatechange polling.js:307
socketHandler.js:535:13
Socket.IO disconnected: transport error socketHandler.js:467:13
ğŸ”„ Loading /static/js/modules/features/fileProcessor.js (attempt 3/3) index.js:273:19
âŒ Attempt 3 failed for /static/js/modules/features/fileProcessor.js: duplicate export name 'buildUrlWithQuery' index.js:294:19
âŒ Error in loadModule(/static/js/modules/features/fileProcessor.js): SyntaxError: duplicate export name 'buildUrlWithQuery' index.js:58:13
ğŸ“¦ Module /static/js/modules/features/fileProcessor.js: âŒ (3008ms) index.js:52:15
Feature module loaded: fileProcessor app.js:193:19
ğŸ”— importModule called: /static/js/modules/features/webScraper.js index.js:455:15
ğŸ“¦ Module /static/js/modules/features/webScraper.js: âœ… (0ms) index.js:52:15
Feature module loaded: webScraper app.js:193:19
ğŸ”— importModule called: /static/js/modules/features/playlistDownloader.js index.js:455:15
ğŸ”„ Loading /static/js/modules/features/playlistDownloader.js (attempt 1/3) index.js:273:19
âŒ Attempt 1 failed for /static/js/modules/features/playlistDownloader.js: duplicate export name 'buildUrlWithQuery' index.js:294:19
ğŸ”„ Loading /static/js/modules/features/playlistDownloader.js (attempt 2/3) index.js:273:19
âŒ Attempt 2 failed for /static/js/modules/features/playlistDownloader.js: duplicate export name 'buildUrlWithQuery' index.js:294:19
Socket.IO connection error: Error: xhr poll error
    r socket.io.min.js:6
    p socket.io.min.js:6
    i transport.js:6
    value transport.js:38
    value polling.js:235
    emit index.mjs:136
    value polling.js:333
    onreadystatechange polling.js:307
socketHandler.js:535:13
Socket.IO disconnected: transport error socketHandler.js:467:13
Firefox canâ€™t establish a connection to the server at ws://localhost:5025/socket.io/?EIO=4&transport=websocket&sid=vIc4J7Bg3s7g4I1FAAAo. websocket.js:54:26
The connection to ws://localhost:5025/socket.io/?EIO=4&transport=websocket&sid=vIc4J7Bg3s7g4I1FAAAo was interrupted while the page was loading. websocket.js:54:26
Socket.IO connection error: Error: xhr poll error
    r socket.io.min.js:6
    p socket.io.min.js:6
    i transport.js:6
    value transport.js:38
    value polling.js:235
    emit index.mjs:136
    value polling.js:333
    onreadystatechange polling.js:307
socketHandler.js:535:13
Socket.IO disconnected: transport error socketHandler.js:467:13
Firefox canâ€™t establish a connection to the server at ws://localhost:5025/socket.io/?EIO=4&transport=websocket&sid=rDAyJqBAqSsrXu8-AAAq. websocket.js:54:26
The connection to ws://localhost:5025/socket.io/?EIO=4&transport=websocket&sid=rDAyJqBAqSsrXu8-AAAq was interrupted while the page was loading. websocket.js:54:26
ğŸ”„ Loading /static/js/modules/features/playlistDownloader.js (attempt 3/3) index.js:273:19
âŒ Attempt 3 failed for /static/js/modules/features/playlistDownloader.js: duplicate export name 'buildUrlWithQuery' index.js:294:19
âŒ Error in loadModule(/static/js/modules/features/playlistDownloader.js): SyntaxError: duplicate export name 'buildUrlWithQuery' index.js:58:13
ğŸ“¦ Module /static/js/modules/features/playlistDownloader.js: âŒ (3023ms) index.js:52:15
Feature module loaded: playlistDownloader app.js:193:19
ğŸ”— importModule called: /static/js/modules/features/academicSearch.js index.js:455:15
ğŸ“¦ Module /static/js/modules/features/academicSearch.js: âœ… (0ms) index.js:52:15
Initializing Academic Search module academicSearch.js:89:17
Academic search event listeners set up academicSearch.js:198:21
Feature module loaded: academicSearch app.js:193:19
ğŸ”— importModule called: /static/js/modules/features/historyManager.js index.js:455:15
ğŸ”„ Loading /static/js/modules/features/historyManager.js (attempt 1/3) index.js:273:19
âœ… Successfully loaded /static/js/modules/features/historyManager.js on attempt 1 index.js:287:19
ğŸ“¦ Module /static/js/modules/features/historyManager.js: âœ… (0ms) index.js:52:15
Initializing history manager... historyManager.js:40:21
No valid history found in storage, using defaults historyManager.js:174:21
History manager initialized successfully historyManager.js:47:21
Feature module loaded: historyManager app.js:193:19
Feature modules loaded successfully app.js:209:15
Loading utility modules in background... app.js:224:15
ğŸ”— importModule called: /static/js/modules/utils/utils.js index.js:455:15
ğŸ”„ Loading /static/js/modules/utils/utils.js (attempt 1/3) index.js:273:19
ğŸ”— importModule called: /static/js/modules/utils/ui.js index.js:455:15
ğŸ”„ Loading /static/js/modules/utils/ui.js (attempt 1/3) index.js:273:19
ğŸ”— importModule called: /static/js/modules/utils/fileHandler.js index.js:455:15
ğŸ”„ Loading /static/js/modules/utils/fileHandler.js (attempt 1/3) index.js:273:19
ğŸ”— importModule called: /static/js/modules/utils/progressHandler.js index.js:455:15
ğŸ“¦ Module /static/js/modules/utils/progressHandler.js: âœ… (0ms) index.js:52:15
ğŸ”— importModule called: /static/js/modules/utils/socketHandler.js index.js:455:15
ğŸ“¦ Module /static/js/modules/utils/socketHandler.js: âœ… (0ms) index.js:52:15
ğŸ”— importModule called: /static/js/modules/utils/moduleDiagnostics.js index.js:455:15
ğŸ”„ Loading /static/js/modules/utils/moduleDiagnostics.js (attempt 1/3) index.js:273:19
Theme set via themeManager to: light fixThemePersistence.js:154:19
Setting theme to: light themeManager.js:408:15
Saved theme preference: light themeManager.js:313:15
Applied theme: light themeManager.js:510:15
Socket.IO connection error: Error: xhr poll error socketHandler.js:535:13

â€‹


